<?xml version="1.0" encoding="UTF-8"?>
<!-- Generated by org.testng.reporters.JUnitReportReporter -->
<testsuite hostname="DESKTOP-6IT123O" name="Satish.example" tests="4" failures="0" timestamp="4 Aug 2022 10:42:51 GMT" time="0.026" errors="0">
  <testcase name="testmethod3" time="0.002" classname="Satish.example"/>
  <testcase name="testmethod4" time="0.001" classname="Satish.example"/>
  <testcase name="testmethod2" time="0.003" classname="Satish.example"/>
  <testcase name="testmethod1" time="0.020" classname="Satish.example"/>
</testsuite> <!-- Satish.example -->
